C:\USERS\HYEYEONG\FINVEST\FINVEST_API\DEBUG\FINVEST_API.EXE
C:\USERS\HYEYEONG\FINVEST\FINVEST_API\DEBUG\FINVEST_API.ILK
C:\USERS\HYEYEONG\FINVEST\FINVEST_API\DEBUG\FINVEST_API.PDB
C:\Users\hyeyeong\Finvest\Finvest_API\Finvest_API\Debug\cl.command.1.tlog
C:\Users\hyeyeong\Finvest\Finvest_API\Finvest_API\Debug\CL.read.1.tlog
C:\Users\hyeyeong\Finvest\Finvest_API\Finvest_API\Debug\CL.write.1.tlog
C:\USERS\HYEYEONG\FINVEST\FINVEST_API\FINVEST_API\DEBUG\DBHELPER.OBJ
C:\Users\hyeyeong\Finvest\Finvest_API\Finvest_API\Debug\Finvest_API.exe.embed.manifest
C:\USERS\HYEYEONG\FINVEST\FINVEST_API\FINVEST_API\DEBUG\FINVEST_API.EXE.EMBED.MANIFEST.RES
C:\USERS\HYEYEONG\FINVEST\FINVEST_API\FINVEST_API\DEBUG\FINVEST_API.EXE.INTERMEDIATE.MANIFEST
C:\USERS\HYEYEONG\FINVEST\FINVEST_API\FINVEST_API\DEBUG\FINVEST_API.OBJ
C:\Users\hyeyeong\Finvest\Finvest_API\Finvest_API\Debug\Finvest_API_manifest.rc
C:\Users\hyeyeong\Finvest\Finvest_API\Finvest_API\Debug\link.1356.read.1.tlog
C:\Users\hyeyeong\Finvest\Finvest_API\Finvest_API\Debug\link.1356.write.1.tlog
C:\Users\hyeyeong\Finvest\Finvest_API\Finvest_API\Debug\link.1356-cvtres.read.1.tlog
C:\Users\hyeyeong\Finvest\Finvest_API\Finvest_API\Debug\link.1356-cvtres.write.1.tlog
C:\Users\hyeyeong\Finvest\Finvest_API\Finvest_API\Debug\link.2492.read.1.tlog
C:\Users\hyeyeong\Finvest\Finvest_API\Finvest_API\Debug\link.2492.write.1.tlog
C:\Users\hyeyeong\Finvest\Finvest_API\Finvest_API\Debug\link.2492-cvtres.read.1.tlog
C:\Users\hyeyeong\Finvest\Finvest_API\Finvest_API\Debug\link.2492-cvtres.write.1.tlog
C:\Users\hyeyeong\Finvest\Finvest_API\Finvest_API\Debug\link.2628.read.1.tlog
C:\Users\hyeyeong\Finvest\Finvest_API\Finvest_API\Debug\link.2628.write.1.tlog
C:\Users\hyeyeong\Finvest\Finvest_API\Finvest_API\Debug\link.2628-cvtres.read.1.tlog
C:\Users\hyeyeong\Finvest\Finvest_API\Finvest_API\Debug\link.2628-cvtres.write.1.tlog
C:\Users\hyeyeong\Finvest\Finvest_API\Finvest_API\Debug\link.3376.read.1.tlog
C:\Users\hyeyeong\Finvest\Finvest_API\Finvest_API\Debug\link.3376.write.1.tlog
C:\Users\hyeyeong\Finvest\Finvest_API\Finvest_API\Debug\link.3376-cvtres.read.1.tlog
C:\Users\hyeyeong\Finvest\Finvest_API\Finvest_API\Debug\link.3376-cvtres.write.1.tlog
C:\Users\hyeyeong\Finvest\Finvest_API\Finvest_API\Debug\link.364.read.1.tlog
C:\Users\hyeyeong\Finvest\Finvest_API\Finvest_API\Debug\link.364.write.1.tlog
C:\Users\hyeyeong\Finvest\Finvest_API\Finvest_API\Debug\link.364-cvtres.read.1.tlog
C:\Users\hyeyeong\Finvest\Finvest_API\Finvest_API\Debug\link.364-cvtres.write.1.tlog
C:\Users\hyeyeong\Finvest\Finvest_API\Finvest_API\Debug\link.4180.read.1.tlog
C:\Users\hyeyeong\Finvest\Finvest_API\Finvest_API\Debug\link.4180.write.1.tlog
C:\Users\hyeyeong\Finvest\Finvest_API\Finvest_API\Debug\link.4180-cvtres.read.1.tlog
C:\Users\hyeyeong\Finvest\Finvest_API\Finvest_API\Debug\link.4180-cvtres.write.1.tlog
C:\Users\hyeyeong\Finvest\Finvest_API\Finvest_API\Debug\link.4456.read.1.tlog
C:\Users\hyeyeong\Finvest\Finvest_API\Finvest_API\Debug\link.4456.write.1.tlog
C:\Users\hyeyeong\Finvest\Finvest_API\Finvest_API\Debug\link.4456-cvtres.read.1.tlog
C:\Users\hyeyeong\Finvest\Finvest_API\Finvest_API\Debug\link.4456-cvtres.write.1.tlog
C:\Users\hyeyeong\Finvest\Finvest_API\Finvest_API\Debug\link.4600.read.1.tlog
C:\Users\hyeyeong\Finvest\Finvest_API\Finvest_API\Debug\link.4600.write.1.tlog
C:\Users\hyeyeong\Finvest\Finvest_API\Finvest_API\Debug\link.4600-cvtres.read.1.tlog
C:\Users\hyeyeong\Finvest\Finvest_API\Finvest_API\Debug\link.4600-cvtres.write.1.tlog
C:\Users\hyeyeong\Finvest\Finvest_API\Finvest_API\Debug\link.5456.read.1.tlog
C:\Users\hyeyeong\Finvest\Finvest_API\Finvest_API\Debug\link.5456.write.1.tlog
C:\Users\hyeyeong\Finvest\Finvest_API\Finvest_API\Debug\link.5456-cvtres.read.1.tlog
C:\Users\hyeyeong\Finvest\Finvest_API\Finvest_API\Debug\link.5456-cvtres.write.1.tlog
C:\Users\hyeyeong\Finvest\Finvest_API\Finvest_API\Debug\link.5508.read.1.tlog
C:\Users\hyeyeong\Finvest\Finvest_API\Finvest_API\Debug\link.5508.write.1.tlog
C:\Users\hyeyeong\Finvest\Finvest_API\Finvest_API\Debug\link.5508-cvtres.read.1.tlog
C:\Users\hyeyeong\Finvest\Finvest_API\Finvest_API\Debug\link.5508-cvtres.write.1.tlog
C:\Users\hyeyeong\Finvest\Finvest_API\Finvest_API\Debug\link.command.1.tlog
C:\Users\hyeyeong\Finvest\Finvest_API\Finvest_API\Debug\link.read.1.tlog
C:\Users\hyeyeong\Finvest\Finvest_API\Finvest_API\Debug\link.write.1.tlog
C:\Users\hyeyeong\Finvest\Finvest_API\Finvest_API\Debug\link-cvtres.read.1.tlog
C:\Users\hyeyeong\Finvest\Finvest_API\Finvest_API\Debug\link-cvtres.write.1.tlog
C:\Users\hyeyeong\Finvest\Finvest_API\Finvest_API\Debug\mt.command.1.tlog
C:\Users\hyeyeong\Finvest\Finvest_API\Finvest_API\Debug\mt.read.1.tlog
C:\Users\hyeyeong\Finvest\Finvest_API\Finvest_API\Debug\mt.write.1.tlog
C:\USERS\HYEYEONG\FINVEST\FINVEST_API\FINVEST_API\DEBUG\QUERYMANAGER.OBJ
C:\Users\hyeyeong\Finvest\Finvest_API\Finvest_API\Debug\rc.command.1.tlog
C:\Users\hyeyeong\Finvest\Finvest_API\Finvest_API\Debug\rc.read.1.tlog
C:\Users\hyeyeong\Finvest\Finvest_API\Finvest_API\Debug\rc.write.1.tlog
C:\Users\hyeyeong\Finvest\Finvest_API\Finvest_API\Debug\vc100.idb
C:\USERS\HYEYEONG\FINVEST\FINVEST_API\FINVEST_API\DEBUG\VC100.PDB
C:\USERS\SONGGURI\FINVEST\FINVEST_API\DEBUG\FINVEST_API.EXE
C:\USERS\SONGGURI\FINVEST\FINVEST_API\DEBUG\FINVEST_API.ILK
C:\USERS\SONGGURI\FINVEST\FINVEST_API\DEBUG\FINVEST_API.PDB
C:\USERS\SONGGURI\FINVEST\FINVEST_API\FINVEST_API\DEBUG\DBHELPER.OBJ
C:\USERS\SONGGURI\FINVEST\FINVEST_API\FINVEST_API\DEBUG\FINVEST_API.EXE.EMBED.MANIFEST.RES
C:\USERS\SONGGURI\FINVEST\FINVEST_API\FINVEST_API\DEBUG\FINVEST_API.EXE.INTERMEDIATE.MANIFEST
C:\USERS\SONGGURI\FINVEST\FINVEST_API\FINVEST_API\DEBUG\FINVEST_API.OBJ
C:\USERS\SONGGURI\FINVEST\FINVEST_API\FINVEST_API\DEBUG\VC100.PDB
C:\USERS\김효진\FINVEST\FINVEST_API\DEBUG\FINVEST_API.EXE
C:\USERS\김효진\FINVEST\FINVEST_API\DEBUG\FINVEST_API.ILK
C:\USERS\김효진\FINVEST\FINVEST_API\DEBUG\FINVEST_API.PDB
C:\USERS\김효진\FINVEST\FINVEST_API\FINVEST_API\DEBUG\DBHELPER.OBJ
C:\USERS\김효진\FINVEST\FINVEST_API\FINVEST_API\DEBUG\FINVEST_API.EXE.EMBED.MANIFEST
C:\USERS\김효진\FINVEST\FINVEST_API\FINVEST_API\DEBUG\FINVEST_API.EXE.EMBED.MANIFEST.RES
C:\USERS\김효진\FINVEST\FINVEST_API\FINVEST_API\DEBUG\FINVEST_API.EXE.INTERMEDIATE.MANIFEST
C:\USERS\김효진\FINVEST\FINVEST_API\FINVEST_API\DEBUG\FINVEST_API.OBJ
C:\USERS\김효진\FINVEST\FINVEST_API\FINVEST_API\DEBUG\VC100.PDB
